2020.06.03 14:33:12 INFO  started: Metals version 0.9.0+173-1a540b15-SNAPSHOT in workspace '/home/tgodzik/Documents/workspaces/mill-seed'
2020.06.03 14:33:13 INFO  time: initialize in 0.95s
2020.06.03 14:33:17 INFO  no build target: using presentation compiler with only scala-library
2020.06.03 14:33:38 WARN  no build target for: /home/tgodzik/Documents/workspaces/mill-seed/src/main/g8/build.sc
2020.06.03 14:36:00 WARN  no build target for: /home/tgodzik/Documents/workspaces/mill-seed/src/main/g8/build.sc
2020.06.03 14:36:15 WARN  no build target for: /home/tgodzik/Documents/workspaces/mill-seed/src/main/g8/build.sc
2020.06.03 14:36:23 WARN  no build target for: /home/tgodzik/Documents/workspaces/mill-seed/src/main/g8/build.sc
2020.06.03 14:47:18 WARN  no build target for: /home/tgodzik/Documents/workspaces/mill-seed/src/main/g8/src/main/scala/Stub.scala
2020.06.03 14:54:08 WARN  no build target for: /home/tgodzik/Documents/workspaces/mill-seed/src/main/g8/build.sc
2020.06.03 14:55:06 WARN  no build target for: /home/tgodzik/Documents/workspaces/mill-seed/src/main/g8/src/main/scala/example/Hell.scala
2020.06.03 14:55:09 WARN  no build target for: /home/tgodzik/Documents/workspaces/mill-seed/src/main/g8/src/main/scala/example/Hell.scala
2020.06.03 14:55:13 WARN  no build target for: /home/tgodzik/Documents/workspaces/mill-seed/src/main/g8/src/main/scala/example/Hello.scala
2020.06.03 14:56:44 WARN  no build target for: /home/tgodzik/Documents/workspaces/mill-seed/src/main/g8/$name$/src/main/scala/example/Hello.scala
2020.06.03 14:57:24 WARN  no build target for: /home/tgodzik/Documents/workspaces/mill-seed/src/main/g8/build.sc
2020.06.03 14:58:34 WARN  no build target for: /home/tgodzik/Documents/workspaces/mill-seed/src/main/g8/$name$/test/src/example/HelloSuite.scala
2020.06.03 15:00:06 WARN  no build target for: /home/tgodzik/Documents/workspaces/mill-seed/src/main/g8/build.sc
2020.06.03 15:00:06 WARN  no build target for: /home/tgodzik/Documents/workspaces/mill-seed/src/main/g8/$name$/test/src/example/HelloSuite.scala
2020.06.03 15:00:40 WARN  code navigation does not work for the file '/home/tgodzik/Documents/workspaces/mill-seed/src/main/g8/build.sc' because it doesn't belong to a build target.
2020.06.03 15:01:29 WARN  no build target for: /home/tgodzik/Documents/workspaces/mill-seed/src/main/g8/$name$/test/src/example/HelloSuite.scala
2020.06.03 15:02:42 WARN  no build target for: /home/tgodzik/Documents/workspaces/mill-seed/src/main/g8/$name$/test/src/example/HelloSuite.scala
2020.06.03 15:02:48 WARN  no build target for: /home/tgodzik/Documents/workspaces/mill-seed/src/main/g8/$name$/test/src/example/HelloSuite.scala
2020.06.03 15:08:37 WARN  no build target for: /home/tgodzik/Documents/workspaces/mill-seed/src/main/g8/build.sc
2020.06.03 15:14:55 WARN  code navigation does not work for the file '/home/tgodzik/Documents/workspaces/mill-seed/src/main/g8/build.sc' because it doesn't belong to a build target.
2020.06.03 15:14:56 WARN  code navigation does not work for the file '/home/tgodzik/Documents/workspaces/mill-seed/src/main/g8/build.sc' because it doesn't belong to a build target.
2020.06.03 15:15:08 WARN  code navigation does not work for the file '/home/tgodzik/Documents/workspaces/mill-seed/src/main/g8/build.sc' because it doesn't belong to a build target.
2020.06.03 15:15:08 WARN  code navigation does not work for the file '/home/tgodzik/Documents/workspaces/mill-seed/src/main/g8/build.sc' because it doesn't belong to a build target.
2020.06.03 15:15:08 WARN  code navigation does not work for the file '/home/tgodzik/Documents/workspaces/mill-seed/src/main/g8/build.sc' because it doesn't belong to a build target.
2020.06.03 15:15:08 WARN  code navigation does not work for the file '/home/tgodzik/Documents/workspaces/mill-seed/src/main/g8/build.sc' because it doesn't belong to a build target.
2020.06.03 15:15:14 WARN  no build target for: /home/tgodzik/Documents/workspaces/mill-seed/src/main/g8/build.sc
2020.06.03 15:15:17 WARN  code navigation does not work for the file '/home/tgodzik/Documents/workspaces/mill-seed/src/main/g8/build.sc' because it doesn't belong to a build target.
2020.06.03 15:15:49 WARN  no build target for: /home/tgodzik/Documents/workspaces/mill-seed/src/main/g8/$name$/test/src/example/HelloSuite.scala
2020.06.03 15:16:17 INFO  shutting down Metals
2020.06.03 15:17:21 INFO  started: Metals version 0.9.0+173-1a540b15-SNAPSHOT in workspace '/home/tgodzik/Documents/workspaces/mill-seed'
2020.06.03 15:17:22 INFO  time: initialize in 0.97s
2020.06.03 15:17:23 INFO  no build target: using presentation compiler with only scala-library
2020.06.03 15:17:23 INFO  skipping build import with status 'Requested'
2020.06.03 15:17:24 WARN  no build target for: /home/tgodzik/Documents/workspaces/mill-seed/src/main/g8/$name$/test/src/example/HelloSuite.scala
